Logfile initialized
[INFO] logfile = /Users/priebe/Documents/Titanium_Studio_Workspace/TitanUpDemo/build.log
[DEBUG] /Users/priebe/Library/Application Support/Titanium/mobilesdk/osx/2.1.3.GA/android/builder.py install TitanUpDemo /Users/priebe/android-sdks /Users/priebe/Documents/Titanium_Studio_Workspace/TitanUpDemo com.smorgasbork.TitanUpDemo 6
[INFO] Titanium SDK version: 2.1.3 (10/02/12 16:16 15997d0)
[DEBUG] Waiting for device to be ready ...
[TRACE] adb devices returned 1 devices/emulators
[DEBUG] Device connected... (waited 0 seconds)
[DEBUG] waited 0.012447 seconds on emulator to get ready
[DEBUG] com.smorgasbork.TitanUpDemo installed? False
[INFO] Copying CommonJS modules...
[INFO] Copying project resources..
[TRACE] COPYING MODIFIED FILE: /Users/priebe/Documents/Titanium_Studio_Workspace/TitanUpDemo/Resources/ui/UISizerDemoWindow.js => /Users/priebe/Documents/Titanium_Studio_Workspace/TitanUpDemo/build/android/bin/assets/Resources/ui/UISizerDemoWindow.js
[TRACE] Generating Java Classes
[DEBUG] Processing Android resource drawables
[TRACE] COPYING FILE: /Users/priebe/Documents/Titanium_Studio_Workspace/TitanUpDemo/Resources/android/images/res-hdpi/grid.png => /Users/priebe/Documents/Titanium_Studio_Workspace/TitanUpDemo/build/android/res/drawable-hdpi/grid_7997186dab.png
[TRACE] COPYING FILE: /Users/priebe/Documents/Titanium_Studio_Workspace/TitanUpDemo/Resources/android/images/res-ldpi/grid.png => /Users/priebe/Documents/Titanium_Studio_Workspace/TitanUpDemo/build/android/res/drawable-ldpi/grid_7997186dab.png
[TRACE] COPYING FILE: /Users/priebe/Documents/Titanium_Studio_Workspace/TitanUpDemo/Resources/android/images/res-mdpi/grid.png => /Users/priebe/Documents/Titanium_Studio_Workspace/TitanUpDemo/build/android/res/drawable-mdpi/grid_7997186dab.png
[TRACE] COPYING FILE: /Users/priebe/Documents/Titanium_Studio_Workspace/TitanUpDemo/Resources/android/images/res-xhdpi/grid.png => /Users/priebe/Documents/Titanium_Studio_Workspace/TitanUpDemo/build/android/res/drawable-xhdpi/grid_7997186dab.png
[DEBUG] copying app icon: /Users/priebe/Documents/Titanium_Studio_Workspace/TitanUpDemo/build/android/bin/assets/Resources/appicon.png
[DEBUG] generating theme.xml
[DEBUG] found drawable-hdpi splash screen at /Users/priebe/Documents/Titanium_Studio_Workspace/TitanUpDemo/Resources/android/images/res-hdpi/default.png
[DEBUG] copying /Users/priebe/Documents/Titanium_Studio_Workspace/TitanUpDemo/Resources/android/images/res-hdpi/default.png splash screen to /Users/priebe/Documents/Titanium_Studio_Workspace/TitanUpDemo/build/android/res/drawable-hdpi/background.png
[DEBUG] found drawable-ldpi splash screen at /Users/priebe/Documents/Titanium_Studio_Workspace/TitanUpDemo/Resources/android/images/res-ldpi/default.png
[DEBUG] copying /Users/priebe/Documents/Titanium_Studio_Workspace/TitanUpDemo/Resources/android/images/res-ldpi/default.png splash screen to /Users/priebe/Documents/Titanium_Studio_Workspace/TitanUpDemo/build/android/res/drawable-ldpi/background.png
[DEBUG] found drawable-mdpi splash screen at /Users/priebe/Documents/Titanium_Studio_Workspace/TitanUpDemo/Resources/android/images/res-mdpi/default.png
[DEBUG] copying /Users/priebe/Documents/Titanium_Studio_Workspace/TitanUpDemo/Resources/android/images/res-mdpi/default.png splash screen to /Users/priebe/Documents/Titanium_Studio_Workspace/TitanUpDemo/build/android/res/drawable-mdpi/background.png
[DEBUG] found splash screen at /Users/priebe/Documents/Titanium_Studio_Workspace/TitanUpDemo/build/android/bin/assets/Resources/default.png
[TRACE] Writing out AndroidManifest.xml
[TRACE] adb devices returned 1 devices/emulators
[DEBUG] adding /Users/priebe/Documents/Titanium_Studio_Workspace/TitanUpDemo/build/android/gen/com/smorgasbork/TitanUpDemo/R.java to javac build list
[DEBUG] adding /Users/priebe/Documents/Titanium_Studio_Workspace/TitanUpDemo/build/android/gen/com/smorgasbork/TitanUpDemo/TitanupdemoActivity.java to javac build list
[DEBUG] adding /Users/priebe/Documents/Titanium_Studio_Workspace/TitanUpDemo/build/android/gen/com/smorgasbork/TitanUpDemo/TitanupdemoAppInfo.java to javac build list
[DEBUG] adding /Users/priebe/Documents/Titanium_Studio_Workspace/TitanUpDemo/build/android/gen/com/smorgasbork/TitanUpDemo/TitanupdemoApplication.java to javac build list
[DEBUG] Building Java Sources: "/Users/priebe/Documents/Titanium_Studio_Workspace/TitanUpDemo/build/android/gen/com/smorgasbork/TitanUpDemo/R.java" "/Users/priebe/Documents/Titanium_Studio_Workspace/TitanUpDemo/build/android/gen/com/smorgasbork/TitanUpDemo/TitanupdemoActivity.java" "/Users/priebe/Documents/Titanium_Studio_Workspace/TitanUpDemo/build/android/gen/com/smorgasbork/TitanUpDemo/TitanupdemoAppInfo.java" "/Users/priebe/Documents/Titanium_Studio_Workspace/TitanUpDemo/build/android/gen/com/smorgasbork/TitanUpDemo/TitanupdemoApplication.java"
[INFO] Compiling Android Resources... This could take some time
[TRACE] adb devices returned 1 devices/emulators
[DEBUG] Android classes.dex built
[DEBUG] creating unsigned apk: /Users/priebe/Documents/Titanium_Studio_Workspace/TitanUpDemo/build/android/bin/app-unsigned.apk
[DEBUG] from resource zip => assets/Resources/TitanUp/UI/Views/GalleryView.js
[DEBUG] from resource zip => assets/Resources/TitanUp/UI/Views/ManagedMapView.js
[DEBUG] from resource zip => assets/Resources/TitanUp/UI/Views/SelectBar.js
[DEBUG] from resource zip => assets/Resources/TitanUp/UI/Views/SimplePicker.js
[DEBUG] from resource zip => assets/Resources/TitanUp/UI/Sizer.js
[DEBUG] from resource zip => assets/Resources/TitanUp/UI/TGWM.js
[DEBUG] from resource zip => assets/Resources/TitanUp/UI/Theme.js
[DEBUG] from resource zip => assets/Resources/TitanUp/UI/UI.js
[DEBUG] from resource zip => assets/Resources/TitanUp/Device.js
[DEBUG] from resource zip => assets/Resources/TitanUp/LocationManager.js
[DEBUG] from resource zip => assets/Resources/TitanUp/README
[DEBUG] from resource zip => assets/Resources/TitanUp/TitanUp.js
[DEBUG] from resource zip => assets/Resources/images/KS_nav_ui.png
[DEBUG] from resource zip => assets/Resources/images/KS_nav_views.png
[DEBUG] from resource zip => assets/Resources/ui/CountingWindow.js
[DEBUG] from resource zip => assets/Resources/ui/DeviceDemoWindow.js
[DEBUG] from resource zip => assets/Resources/ui/GlobalsDemoWindow.js
[DEBUG] from resource zip => assets/Resources/ui/LocationDemoWindow.js
[DEBUG] from resource zip => assets/Resources/ui/MenuWindow.js
[DEBUG] from resource zip => assets/Resources/ui/UIDemoWindow.js
[DEBUG] from resource zip => assets/Resources/ui/UIEventThrottleDemoWindow.js
[DEBUG] from resource zip => assets/Resources/ui/UISizerDemoWindow.js
[DEBUG] from resource zip => assets/Resources/ui/UITGWMDemoWindow.js
[DEBUG] from resource zip => assets/Resources/ui/UIThemeDemoWindow.js
[DEBUG] from resource zip => assets/Resources/ui/UIViewsDemoWindow.js
[DEBUG] from resource zip => assets/Resources/ui/UIViewsGalleryViewDemoWindow.js
[DEBUG] from resource zip => assets/Resources/ui/UIViewsManagedMapViewDemoWindow.js
[DEBUG] from resource zip => assets/Resources/ui/UIViewsSelectBarDemoWindow.js
[DEBUG] from resource zip => assets/Resources/ui/UIViewsSimplePickerDemoWindow.js
[DEBUG] from resource zip => assets/Resources/util/moment.js
[DEBUG] from resource zip => assets/Resources/KS_nav_ui.png
[DEBUG] from resource zip => assets/Resources/KS_nav_views.png
[DEBUG] from resource zip => assets/Resources/app.js
[DEBUG] from resource zip => assets/Resources/appicon.png
[DEBUG] from resource zip => assets/Resources/default.png
[DEBUG] from resource zip => assets/app.json
[DEBUG] from resource zip => assets/index.json
[DEBUG] from resource zip => assets/tiapp.xml
[DEBUG] from resource zip => res/drawable/appicon.png
[DEBUG] from resource zip => res/drawable/background.png
[DEBUG] from resource zip => res/layout/titanium_tabgroup.xml
[DEBUG] from resource zip => AndroidManifest.xml
[DEBUG] from resource zip => resources.arsc
[DEBUG] from resource zip => res/drawable-hdpi/background.png
[DEBUG] from resource zip => res/drawable-hdpi/grid_7997186dab.png
[DEBUG] from resource zip => res/drawable-ldpi/background.png
[DEBUG] from resource zip => res/drawable-ldpi/grid_7997186dab.png
[DEBUG] from resource zip => res/drawable-mdpi/background.png
[DEBUG] from resource zip => res/drawable-mdpi/grid_7997186dab.png
[DEBUG] from resource zip => res/drawable-xhdpi/grid_7997186dab.png
[DEBUG] from JAR /Users/priebe/Library/Application Support/Titanium/mobilesdk/osx/2.1.3.GA/android/modules/titanium-ui.jar => ti/modules/titanium/ui/widget/webview/binding.js
[DEBUG] from JAR /Users/priebe/Library/Application Support/Titanium/mobilesdk/osx/2.1.3.GA/android/modules/titanium-ui.jar => ti/modules/titanium/ui/widget/webview/binding.min.js
[DEBUG] from JAR /Users/priebe/Library/Application Support/Titanium/mobilesdk/osx/2.1.3.GA/android/modules/titanium-ui.jar => ti/modules/titanium/ui/widget/webview/json2.js
[DEBUG] from JAR /Users/priebe/Library/Application Support/Titanium/mobilesdk/osx/2.1.3.GA/android/modules/titanium-ui.jar => ti/modules/titanium/ui/widget/webview/polling.js
[DEBUG] from JAR /Users/priebe/Library/Application Support/Titanium/mobilesdk/osx/2.1.3.GA/android/modules/titanium-ui.jar => ti/modules/titanium/ui/widget/webview/polling.min.js
[DEBUG] from JAR /Users/priebe/Library/Application Support/Titanium/mobilesdk/osx/2.1.3.GA/android/titanium.jar => org/appcelerator/titanium/build.properties
[DEBUG] from JAR /Users/priebe/Library/Application Support/Titanium/mobilesdk/osx/2.1.3.GA/android/titanium.jar => org/appcelerator/titanium/res/drawable/background.png
[DEBUG] from JAR /Users/priebe/Library/Application Support/Titanium/mobilesdk/osx/2.1.3.GA/android/titanium.jar => org/appcelerator/titanium/res/drawable/btn_check_buttonless_on.png
[DEBUG] from JAR /Users/priebe/Library/Application Support/Titanium/mobilesdk/osx/2.1.3.GA/android/titanium.jar => org/appcelerator/titanium/res/drawable/btn_check_buttonless_on_18.png
[DEBUG] from JAR /Users/priebe/Library/Application Support/Titanium/mobilesdk/osx/2.1.3.GA/android/titanium.jar => org/appcelerator/titanium/res/drawable/btn_check_buttonless_on_48.png
[DEBUG] from JAR /Users/priebe/Library/Application Support/Titanium/mobilesdk/osx/2.1.3.GA/android/titanium.jar => org/appcelerator/titanium/res/drawable/btn_more.png
[DEBUG] from JAR /Users/priebe/Library/Application Support/Titanium/mobilesdk/osx/2.1.3.GA/android/titanium.jar => org/appcelerator/titanium/res/drawable/btn_more_18.png
[DEBUG] from JAR /Users/priebe/Library/Application Support/Titanium/mobilesdk/osx/2.1.3.GA/android/titanium.jar => org/appcelerator/titanium/res/drawable/btn_more_48.png
[DEBUG] from JAR /Users/priebe/Library/Application Support/Titanium/mobilesdk/osx/2.1.3.GA/android/titanium.jar => org/appcelerator/titanium/res/drawable/btn_picker_normal.9.png
[DEBUG] from JAR /Users/priebe/Library/Application Support/Titanium/mobilesdk/osx/2.1.3.GA/android/titanium.jar => org/appcelerator/titanium/res/drawable/btn_picker_pressed.9.png
[DEBUG] from JAR /Users/priebe/Library/Application Support/Titanium/mobilesdk/osx/2.1.3.GA/android/titanium.jar => org/appcelerator/titanium/res/drawable/btn_picker_selected.9.png
[DEBUG] from JAR /Users/priebe/Library/Application Support/Titanium/mobilesdk/osx/2.1.3.GA/android/titanium.jar => org/appcelerator/titanium/res/drawable/default_icon.png
[DEBUG] from JAR /Users/priebe/Library/Application Support/Titanium/mobilesdk/osx/2.1.3.GA/android/titanium.jar => org/appcelerator/titanium/res/drawable/photoDefault.png
[DEBUG] installing native SDK libs
[TRACE] adb devices returned 1 devices/emulators
[DEBUG] Waiting for device to be ready ...
[TRACE] adb devices returned 1 devices/emulators
[DEBUG] Device connected... (waited 0 seconds)
[DEBUG] waited 0.013373 seconds on emulator to get ready
[INFO] Installing application on device
[TRACE] adb devices returned 1 devices/emulators
[TRACE] adb devices returned 1 devices/emulators
[TRACE] adb devices returned 1 devices/emulators
[INFO] Application installed. Launch from drawer on Home Screen
[TRACE] adb devices returned 1 devices/emulators
[TRACE] adb devices returned 1 devices/emulators
[TRACE] adb devices returned 1 devices/emulators
[TRACE] adb devices returned 1 devices/emulators
[TRACE] adb devices returned 1 devices/emulators
[TRACE] adb devices returned 1 devices/emulators
[TRACE] adb devices returned 1 devices/emulators
[TRACE] adb devices returned 1 devices/emulators
[TRACE] adb devices returned 1 devices/emulators
[TRACE] adb devices returned 1 devices/emulators
[TRACE] adb devices returned 1 devices/emulators
[TRACE] adb devices returned 1 devices/emulators
[TRACE] adb devices returned 1 devices/emulators
[TRACE] adb devices returned 1 devices/emulators
[TRACE] adb devices returned 1 devices/emulators
[TRACE] adb devices returned 1 devices/emulators
[TRACE] adb devices returned 1 devices/emulators
[TRACE] adb devices returned 1 devices/emulators
[TRACE] adb devices returned 1 devices/emulators
[TRACE] adb devices returned 1 devices/emulators
[TRACE] adb devices returned 1 devices/emulators
[TRACE] adb devices returned 1 devices/emulators
[TRACE] adb devices returned 1 devices/emulators
[ERROR] Timed out waiting for emulator to be ready, you may need to close the emulator and try again
[DEBUG] com.smorgasbork.TitanUpDemo installed? False
[INFO] Fastdev server running, deploying in Fastdev mode
[INFO] Copying CommonJS modules...
[INFO] Copying project resources..
[INFO] Detected change in tiapp.xml, or assets deleted. Forcing full re-build...
[TRACE] COPYING CREATED FILE: /Users/priebe/Documents/Titanium_Studio_Workspace/TitanUpDemo/Resources/android/appicon.png => /Users/priebe/Documents/Titanium_Studio_Workspace/TitanUpDemo/build/android/bin/assets/Resources/appicon.png
[TRACE] COPYING CREATED FILE: /Users/priebe/Documents/Titanium_Studio_Workspace/TitanUpDemo/Resources/android/default.png => /Users/priebe/Documents/Titanium_Studio_Workspace/TitanUpDemo/build/android/bin/assets/Resources/default.png
[TRACE] COPYING CREATED FILE: /Users/priebe/Documents/Titanium_Studio_Workspace/TitanUpDemo/Resources/app.js => /Users/priebe/Documents/Titanium_Studio_Workspace/TitanUpDemo/build/android/bin/assets/Resources/app.js
[TRACE] COPYING CREATED FILE: /Users/priebe/Documents/Titanium_Studio_Workspace/TitanUpDemo/Resources/images/KS_nav_ui.png => /Users/priebe/Documents/Titanium_Studio_Workspace/TitanUpDemo/build/android/bin/assets/Resources/images/KS_nav_ui.png
[TRACE] COPYING CREATED FILE: /Users/priebe/Documents/Titanium_Studio_Workspace/TitanUpDemo/Resources/images/KS_nav_views.png => /Users/priebe/Documents/Titanium_Studio_Workspace/TitanUpDemo/build/android/bin/assets/Resources/images/KS_nav_views.png
[TRACE] COPYING CREATED FILE: /Users/priebe/Documents/Titanium_Studio_Workspace/TitanUpDemo/Resources/KS_nav_ui.png => /Users/priebe/Documents/Titanium_Studio_Workspace/TitanUpDemo/build/android/bin/assets/Resources/KS_nav_ui.png
[TRACE] COPYING CREATED FILE: /Users/priebe/Documents/Titanium_Studio_Workspace/TitanUpDemo/Resources/KS_nav_views.png => /Users/priebe/Documents/Titanium_Studio_Workspace/TitanUpDemo/build/android/bin/assets/Resources/KS_nav_views.png
[TRACE] COPYING CREATED FILE: /Users/priebe/Documents/Titanium_Studio_Workspace/TitanUpDemo/Resources/TitanUp/Device.js => /Users/priebe/Documents/Titanium_Studio_Workspace/TitanUpDemo/build/android/bin/assets/Resources/TitanUp/Device.js
[TRACE] COPYING CREATED FILE: /Users/priebe/Documents/Titanium_Studio_Workspace/TitanUpDemo/Resources/TitanUp/LocationManager.js => /Users/priebe/Documents/Titanium_Studio_Workspace/TitanUpDemo/build/android/bin/assets/Resources/TitanUp/LocationManager.js
[TRACE] COPYING CREATED FILE: /Users/priebe/Documents/Titanium_Studio_Workspace/TitanUpDemo/Resources/TitanUp/README => /Users/priebe/Documents/Titanium_Studio_Workspace/TitanUpDemo/build/android/bin/assets/Resources/TitanUp/README
[TRACE] COPYING CREATED FILE: /Users/priebe/Documents/Titanium_Studio_Workspace/TitanUpDemo/Resources/TitanUp/TitanUp.js => /Users/priebe/Documents/Titanium_Studio_Workspace/TitanUpDemo/build/android/bin/assets/Resources/TitanUp/TitanUp.js
[TRACE] COPYING CREATED FILE: /Users/priebe/Documents/Titanium_Studio_Workspace/TitanUpDemo/Resources/TitanUp/UI/Sizer.js => /Users/priebe/Documents/Titanium_Studio_Workspace/TitanUpDemo/build/android/bin/assets/Resources/TitanUp/UI/Sizer.js
[TRACE] COPYING CREATED FILE: /Users/priebe/Documents/Titanium_Studio_Workspace/TitanUpDemo/Resources/TitanUp/UI/TGWM.js => /Users/priebe/Documents/Titanium_Studio_Workspace/TitanUpDemo/build/android/bin/assets/Resources/TitanUp/UI/TGWM.js
[TRACE] COPYING CREATED FILE: /Users/priebe/Documents/Titanium_Studio_Workspace/TitanUpDemo/Resources/TitanUp/UI/Theme.js => /Users/priebe/Documents/Titanium_Studio_Workspace/TitanUpDemo/build/android/bin/assets/Resources/TitanUp/UI/Theme.js
[TRACE] COPYING CREATED FILE: /Users/priebe/Documents/Titanium_Studio_Workspace/TitanUpDemo/Resources/TitanUp/UI/UI.js => /Users/priebe/Documents/Titanium_Studio_Workspace/TitanUpDemo/build/android/bin/assets/Resources/TitanUp/UI/UI.js
[TRACE] COPYING CREATED FILE: /Users/priebe/Documents/Titanium_Studio_Workspace/TitanUpDemo/Resources/TitanUp/UI/Views/GalleryView.js => /Users/priebe/Documents/Titanium_Studio_Workspace/TitanUpDemo/build/android/bin/assets/Resources/TitanUp/UI/Views/GalleryView.js
[TRACE] COPYING CREATED FILE: /Users/priebe/Documents/Titanium_Studio_Workspace/TitanUpDemo/Resources/TitanUp/UI/Views/ManagedMapView.js => /Users/priebe/Documents/Titanium_Studio_Workspace/TitanUpDemo/build/android/bin/assets/Resources/TitanUp/UI/Views/ManagedMapView.js
[TRACE] COPYING CREATED FILE: /Users/priebe/Documents/Titanium_Studio_Workspace/TitanUpDemo/Resources/TitanUp/UI/Views/SelectBar.js => /Users/priebe/Documents/Titanium_Studio_Workspace/TitanUpDemo/build/android/bin/assets/Resources/TitanUp/UI/Views/SelectBar.js
[TRACE] COPYING CREATED FILE: /Users/priebe/Documents/Titanium_Studio_Workspace/TitanUpDemo/Resources/TitanUp/UI/Views/SimplePicker.js => /Users/priebe/Documents/Titanium_Studio_Workspace/TitanUpDemo/build/android/bin/assets/Resources/TitanUp/UI/Views/SimplePicker.js
[TRACE] COPYING CREATED FILE: /Users/priebe/Documents/Titanium_Studio_Workspace/TitanUpDemo/Resources/ui/CountingWindow.js => /Users/priebe/Documents/Titanium_Studio_Workspace/TitanUpDemo/build/android/bin/assets/Resources/ui/CountingWindow.js
[TRACE] COPYING CREATED FILE: /Users/priebe/Documents/Titanium_Studio_Workspace/TitanUpDemo/Resources/ui/DeviceDemoWindow.js => /Users/priebe/Documents/Titanium_Studio_Workspace/TitanUpDemo/build/android/bin/assets/Resources/ui/DeviceDemoWindow.js
[TRACE] COPYING CREATED FILE: /Users/priebe/Documents/Titanium_Studio_Workspace/TitanUpDemo/Resources/ui/GlobalsDemoWindow.js => /Users/priebe/Documents/Titanium_Studio_Workspace/TitanUpDemo/build/android/bin/assets/Resources/ui/GlobalsDemoWindow.js
[TRACE] COPYING CREATED FILE: /Users/priebe/Documents/Titanium_Studio_Workspace/TitanUpDemo/Resources/ui/LocationDemoWindow.js => /Users/priebe/Documents/Titanium_Studio_Workspace/TitanUpDemo/build/android/bin/assets/Resources/ui/LocationDemoWindow.js
[TRACE] COPYING CREATED FILE: /Users/priebe/Documents/Titanium_Studio_Workspace/TitanUpDemo/Resources/ui/MenuWindow.js => /Users/priebe/Documents/Titanium_Studio_Workspace/TitanUpDemo/build/android/bin/assets/Resources/ui/MenuWindow.js
[TRACE] COPYING CREATED FILE: /Users/priebe/Documents/Titanium_Studio_Workspace/TitanUpDemo/Resources/ui/UIDemoWindow.js => /Users/priebe/Documents/Titanium_Studio_Workspace/TitanUpDemo/build/android/bin/assets/Resources/ui/UIDemoWindow.js
[TRACE] COPYING CREATED FILE: /Users/priebe/Documents/Titanium_Studio_Workspace/TitanUpDemo/Resources/ui/UIEventThrottleDemoWindow.js => /Users/priebe/Documents/Titanium_Studio_Workspace/TitanUpDemo/build/android/bin/assets/Resources/ui/UIEventThrottleDemoWindow.js
[TRACE] COPYING CREATED FILE: /Users/priebe/Documents/Titanium_Studio_Workspace/TitanUpDemo/Resources/ui/UISizerDemoWindow.js => /Users/priebe/Documents/Titanium_Studio_Workspace/TitanUpDemo/build/android/bin/assets/Resources/ui/UISizerDemoWindow.js
[TRACE] COPYING CREATED FILE: /Users/priebe/Documents/Titanium_Studio_Workspace/TitanUpDemo/Resources/ui/UITGWMDemoWindow.js => /Users/priebe/Documents/Titanium_Studio_Workspace/TitanUpDemo/build/android/bin/assets/Resources/ui/UITGWMDemoWindow.js
[TRACE] COPYING CREATED FILE: /Users/priebe/Documents/Titanium_Studio_Workspace/TitanUpDemo/Resources/ui/UIThemeDemoWindow.js => /Users/priebe/Documents/Titanium_Studio_Workspace/TitanUpDemo/build/android/bin/assets/Resources/ui/UIThemeDemoWindow.js
[TRACE] COPYING CREATED FILE: /Users/priebe/Documents/Titanium_Studio_Workspace/TitanUpDemo/Resources/ui/UIViewsDemoWindow.js => /Users/priebe/Documents/Titanium_Studio_Workspace/TitanUpDemo/build/android/bin/assets/Resources/ui/UIViewsDemoWindow.js
[TRACE] COPYING CREATED FILE: /Users/priebe/Documents/Titanium_Studio_Workspace/TitanUpDemo/Resources/ui/UIViewsGalleryViewDemoWindow.js => /Users/priebe/Documents/Titanium_Studio_Workspace/TitanUpDemo/build/android/bin/assets/Resources/ui/UIViewsGalleryViewDemoWindow.js
[TRACE] COPYING CREATED FILE: /Users/priebe/Documents/Titanium_Studio_Workspace/TitanUpDemo/Resources/ui/UIViewsManagedMapViewDemoWindow.js => /Users/priebe/Documents/Titanium_Studio_Workspace/TitanUpDemo/build/android/bin/assets/Resources/ui/UIViewsManagedMapViewDemoWindow.js
[TRACE] COPYING CREATED FILE: /Users/priebe/Documents/Titanium_Studio_Workspace/TitanUpDemo/Resources/ui/UIViewsSelectBarDemoWindow.js => /Users/priebe/Documents/Titanium_Studio_Workspace/TitanUpDemo/build/android/bin/assets/Resources/ui/UIViewsSelectBarDemoWindow.js
[TRACE] COPYING CREATED FILE: /Users/priebe/Documents/Titanium_Studio_Workspace/TitanUpDemo/Resources/ui/UIViewsSimplePickerDemoWindow.js => /Users/priebe/Documents/Titanium_Studio_Workspace/TitanUpDemo/build/android/bin/assets/Resources/ui/UIViewsSimplePickerDemoWindow.js
[TRACE] COPYING CREATED FILE: /Users/priebe/Documents/Titanium_Studio_Workspace/TitanUpDemo/Resources/util/moment.js => /Users/priebe/Documents/Titanium_Studio_Workspace/TitanUpDemo/build/android/bin/assets/Resources/util/moment.js
[TRACE] Generating Java Classes
[DEBUG] Processing Android resource drawables
[TRACE] COPYING FILE: /Users/priebe/Documents/Titanium_Studio_Workspace/TitanUpDemo/Resources/android/images/res-hdpi/default.png => /Users/priebe/Documents/Titanium_Studio_Workspace/TitanUpDemo/build/android/res/drawable-hdpi/default_d44e27d97b.png
[TRACE] COPYING FILE: /Users/priebe/Documents/Titanium_Studio_Workspace/TitanUpDemo/Resources/android/images/res-hdpi/grid.png => /Users/priebe/Documents/Titanium_Studio_Workspace/TitanUpDemo/build/android/res/drawable-hdpi/grid_7997186dab.png
[TRACE] COPYING FILE: /Users/priebe/Documents/Titanium_Studio_Workspace/TitanUpDemo/Resources/android/images/res-ldpi/default.png => /Users/priebe/Documents/Titanium_Studio_Workspace/TitanUpDemo/build/android/res/drawable-ldpi/default_d44e27d97b.png
[TRACE] COPYING FILE: /Users/priebe/Documents/Titanium_Studio_Workspace/TitanUpDemo/Resources/android/images/res-ldpi/grid.png => /Users/priebe/Documents/Titanium_Studio_Workspace/TitanUpDemo/build/android/res/drawable-ldpi/grid_7997186dab.png
[TRACE] COPYING FILE: /Users/priebe/Documents/Titanium_Studio_Workspace/TitanUpDemo/Resources/android/images/res-mdpi/default.png => /Users/priebe/Documents/Titanium_Studio_Workspace/TitanUpDemo/build/android/res/drawable-mdpi/default_d44e27d97b.png
[TRACE] COPYING FILE: /Users/priebe/Documents/Titanium_Studio_Workspace/TitanUpDemo/Resources/android/images/res-mdpi/grid.png => /Users/priebe/Documents/Titanium_Studio_Workspace/TitanUpDemo/build/android/res/drawable-mdpi/grid_7997186dab.png
[TRACE] COPYING FILE: /Users/priebe/Documents/Titanium_Studio_Workspace/TitanUpDemo/Resources/android/images/res-xhdpi/grid.png => /Users/priebe/Documents/Titanium_Studio_Workspace/TitanUpDemo/build/android/res/drawable-xhdpi/grid_7997186dab.png
[DEBUG] app stylesheet => /Users/priebe/Documents/Titanium_Studio_Workspace/TitanUpDemo/build/android/gen/com/smorgasbork/TitanUpDemo/ApplicationStylesheet.java
[DEBUG] copying app icon: /Users/priebe/Documents/Titanium_Studio_Workspace/TitanUpDemo/build/android/bin/assets/Resources/appicon.png
[DEBUG] generating theme.xml
[DEBUG] found drawable-hdpi splash screen at /Users/priebe/Documents/Titanium_Studio_Workspace/TitanUpDemo/Resources/android/images/res-hdpi/default.png
[DEBUG] copying /Users/priebe/Documents/Titanium_Studio_Workspace/TitanUpDemo/Resources/android/images/res-hdpi/default.png splash screen to /Users/priebe/Documents/Titanium_Studio_Workspace/TitanUpDemo/build/android/res/drawable-hdpi/background.png
[DEBUG] found drawable-ldpi splash screen at /Users/priebe/Documents/Titanium_Studio_Workspace/TitanUpDemo/Resources/android/images/res-ldpi/default.png
[DEBUG] copying /Users/priebe/Documents/Titanium_Studio_Workspace/TitanUpDemo/Resources/android/images/res-ldpi/default.png splash screen to /Users/priebe/Documents/Titanium_Studio_Workspace/TitanUpDemo/build/android/res/drawable-ldpi/background.png
[DEBUG] found drawable-mdpi splash screen at /Users/priebe/Documents/Titanium_Studio_Workspace/TitanUpDemo/Resources/android/images/res-mdpi/default.png
[DEBUG] copying /Users/priebe/Documents/Titanium_Studio_Workspace/TitanUpDemo/Resources/android/images/res-mdpi/default.png splash screen to /Users/priebe/Documents/Titanium_Studio_Workspace/TitanUpDemo/build/android/res/drawable-mdpi/background.png
[DEBUG] found splash screen at /Users/priebe/Documents/Titanium_Studio_Workspace/TitanUpDemo/build/android/bin/assets/Resources/default.png
[TRACE] Writing out AndroidManifest.xml
[DEBUG] adding /Users/priebe/Documents/Titanium_Studio_Workspace/TitanUpDemo/build/android/gen/com/smorgasbork/TitanUpDemo/ApplicationStylesheet.java to javac build list
[DEBUG] adding /Users/priebe/Documents/Titanium_Studio_Workspace/TitanUpDemo/build/android/gen/com/smorgasbork/TitanUpDemo/R.java to javac build list
[DEBUG] adding /Users/priebe/Documents/Titanium_Studio_Workspace/TitanUpDemo/build/android/gen/com/smorgasbork/TitanUpDemo/TitanupdemoActivity.java to javac build list
[DEBUG] adding /Users/priebe/Documents/Titanium_Studio_Workspace/TitanUpDemo/build/android/gen/com/smorgasbork/TitanUpDemo/TitanupdemoAppInfo.java to javac build list
[DEBUG] adding /Users/priebe/Documents/Titanium_Studio_Workspace/TitanUpDemo/build/android/gen/com/smorgasbork/TitanUpDemo/TitanupdemoApplication.java to javac build list
[DEBUG] Building Java Sources: "/Users/priebe/Documents/Titanium_Studio_Workspace/TitanUpDemo/build/android/gen/com/smorgasbork/TitanUpDemo/ApplicationStylesheet.java" "/Users/priebe/Documents/Titanium_Studio_Workspace/TitanUpDemo/build/android/gen/com/smorgasbork/TitanUpDemo/R.java" "/Users/priebe/Documents/Titanium_Studio_Workspace/TitanUpDemo/build/android/gen/com/smorgasbork/TitanUpDemo/TitanupdemoActivity.java" "/Users/priebe/Documents/Titanium_Studio_Workspace/TitanUpDemo/build/android/gen/com/smorgasbork/TitanUpDemo/TitanupdemoAppInfo.java" "/Users/priebe/Documents/Titanium_Studio_Workspace/TitanUpDemo/build/android/gen/com/smorgasbork/TitanUpDemo/TitanupdemoApplication.java"
[INFO] Waiting for SDCard to become available..
[ERROR] Error checking for SDCard using 'mount'
[INFO] Compiling Android Resources... This could take some time
[DEBUG] Android classes.dex built
[DEBUG] creating unsigned apk: /Users/priebe/Documents/Titanium_Studio_Workspace/TitanUpDemo/build/android/bin/app-unsigned.apk
[DEBUG] from resource zip => assets/Resources/TitanUp/UI/Views/GalleryView.js
[DEBUG] from resource zip => assets/Resources/TitanUp/UI/Views/ManagedMapView.js
[DEBUG] from resource zip => assets/Resources/TitanUp/UI/Views/SelectBar.js
[DEBUG] from resource zip => assets/Resources/TitanUp/UI/Views/SimplePicker.js
[DEBUG] from resource zip => assets/Resources/TitanUp/UI/Sizer.js
[DEBUG] from resource zip => assets/Resources/TitanUp/UI/TGWM.js
[DEBUG] from resource zip => assets/Resources/TitanUp/UI/Theme.js
[DEBUG] from resource zip => assets/Resources/TitanUp/UI/UI.js
[DEBUG] from resource zip => assets/Resources/TitanUp/Device.js
[DEBUG] from resource zip => assets/Resources/TitanUp/LocationManager.js
[DEBUG] from resource zip => assets/Resources/TitanUp/README
[DEBUG] from resource zip => assets/Resources/TitanUp/TitanUp.js
[DEBUG] from resource zip => assets/Resources/images/KS_nav_ui.png
[DEBUG] from resource zip => assets/Resources/images/KS_nav_views.png
[DEBUG] from resource zip => assets/Resources/ui/CountingWindow.js
[DEBUG] from resource zip => assets/Resources/ui/DeviceDemoWindow.js
[DEBUG] from resource zip => assets/Resources/ui/GlobalsDemoWindow.js
[DEBUG] from resource zip => assets/Resources/ui/LocationDemoWindow.js
[DEBUG] from resource zip => assets/Resources/ui/MenuWindow.js
[DEBUG] from resource zip => assets/Resources/ui/UIDemoWindow.js
[DEBUG] from resource zip => assets/Resources/ui/UIEventThrottleDemoWindow.js
[DEBUG] from resource zip => assets/Resources/ui/UISizerDemoWindow.js
[DEBUG] from resource zip => assets/Resources/ui/UITGWMDemoWindow.js
[DEBUG] from resource zip => assets/Resources/ui/UIThemeDemoWindow.js
[DEBUG] from resource zip => assets/Resources/ui/UIViewsDemoWindow.js
[DEBUG] from resource zip => assets/Resources/ui/UIViewsGalleryViewDemoWindow.js
[DEBUG] from resource zip => assets/Resources/ui/UIViewsManagedMapViewDemoWindow.js
[DEBUG] from resource zip => assets/Resources/ui/UIViewsSelectBarDemoWindow.js
[DEBUG] from resource zip => assets/Resources/ui/UIViewsSimplePickerDemoWindow.js
[DEBUG] from resource zip => assets/Resources/util/moment.js
[DEBUG] from resource zip => assets/Resources/KS_nav_ui.png
[DEBUG] from resource zip => assets/Resources/KS_nav_views.png
[DEBUG] from resource zip => assets/Resources/app.js
[DEBUG] from resource zip => assets/Resources/appicon.png
[DEBUG] from resource zip => assets/Resources/default.png
[DEBUG] from resource zip => assets/app.json
[DEBUG] from resource zip => assets/index.json
[DEBUG] from resource zip => assets/tiapp.xml
[DEBUG] from resource zip => res/drawable/appicon.png
[DEBUG] from resource zip => res/drawable/background.png
[DEBUG] from resource zip => res/drawable/close.png
[DEBUG] from resource zip => res/drawable/facebook_login.png
[DEBUG] from resource zip => res/drawable/facebook_login_down.png
[DEBUG] from resource zip => res/drawable/facebook_login_wide.png
[DEBUG] from resource zip => res/drawable/facebook_login_wide_down.png
[DEBUG] from resource zip => res/drawable/facebook_logout.png
[DEBUG] from resource zip => res/drawable/facebook_logout_down.png
[DEBUG] from resource zip => res/layout/titanium_tabgroup.xml
[DEBUG] from resource zip => AndroidManifest.xml
[DEBUG] from resource zip => resources.arsc
[DEBUG] from resource zip => res/drawable-hdpi/background.png
[DEBUG] from resource zip => res/drawable-hdpi/close.png
[DEBUG] from resource zip => res/drawable-hdpi/default_d44e27d97b.png
[DEBUG] from resource zip => res/drawable-hdpi/grid_7997186dab.png
[DEBUG] from resource zip => res/drawable-ldpi/background.png
[DEBUG] from resource zip => res/drawable-ldpi/close.png
[DEBUG] from resource zip => res/drawable-ldpi/default_d44e27d97b.png
[DEBUG] from resource zip => res/drawable-ldpi/grid_7997186dab.png
[DEBUG] from resource zip => res/drawable-mdpi/background.png
[DEBUG] from resource zip => res/drawable-mdpi/default_d44e27d97b.png
[DEBUG] from resource zip => res/drawable-mdpi/grid_7997186dab.png
[DEBUG] from resource zip => res/drawable-xhdpi/grid_7997186dab.png
[DEBUG] from JAR /Users/priebe/Library/Application Support/Titanium/mobilesdk/osx/2.1.3.GA/android/titanium.jar => org/appcelerator/titanium/build.properties
[DEBUG] from JAR /Users/priebe/Library/Application Support/Titanium/mobilesdk/osx/2.1.3.GA/android/titanium.jar => org/appcelerator/titanium/res/drawable/background.png
[DEBUG] from JAR /Users/priebe/Library/Application Support/Titanium/mobilesdk/osx/2.1.3.GA/android/titanium.jar => org/appcelerator/titanium/res/drawable/btn_check_buttonless_on.png
[DEBUG] from JAR /Users/priebe/Library/Application Support/Titanium/mobilesdk/osx/2.1.3.GA/android/titanium.jar => org/appcelerator/titanium/res/drawable/btn_check_buttonless_on_18.png
[DEBUG] from JAR /Users/priebe/Library/Application Support/Titanium/mobilesdk/osx/2.1.3.GA/android/titanium.jar => org/appcelerator/titanium/res/drawable/btn_check_buttonless_on_48.png
[DEBUG] from JAR /Users/priebe/Library/Application Support/Titanium/mobilesdk/osx/2.1.3.GA/android/titanium.jar => org/appcelerator/titanium/res/drawable/btn_more.png
[DEBUG] from JAR /Users/priebe/Library/Application Support/Titanium/mobilesdk/osx/2.1.3.GA/android/titanium.jar => org/appcelerator/titanium/res/drawable/btn_more_18.png
[DEBUG] from JAR /Users/priebe/Library/Application Support/Titanium/mobilesdk/osx/2.1.3.GA/android/titanium.jar => org/appcelerator/titanium/res/drawable/btn_more_48.png
[DEBUG] from JAR /Users/priebe/Library/Application Support/Titanium/mobilesdk/osx/2.1.3.GA/android/titanium.jar => org/appcelerator/titanium/res/drawable/btn_picker_normal.9.png
[DEBUG] from JAR /Users/priebe/Library/Application Support/Titanium/mobilesdk/osx/2.1.3.GA/android/titanium.jar => org/appcelerator/titanium/res/drawable/btn_picker_pressed.9.png
[DEBUG] from JAR /Users/priebe/Library/Application Support/Titanium/mobilesdk/osx/2.1.3.GA/android/titanium.jar => org/appcelerator/titanium/res/drawable/btn_picker_selected.9.png
[DEBUG] from JAR /Users/priebe/Library/Application Support/Titanium/mobilesdk/osx/2.1.3.GA/android/titanium.jar => org/appcelerator/titanium/res/drawable/default_icon.png
[DEBUG] from JAR /Users/priebe/Library/Application Support/Titanium/mobilesdk/osx/2.1.3.GA/android/titanium.jar => org/appcelerator/titanium/res/drawable/photoDefault.png
[DEBUG] from JAR /Users/priebe/Library/Application Support/Titanium/mobilesdk/osx/2.1.3.GA/android/modules/titanium-ui.jar => ti/modules/titanium/ui/widget/webview/binding.js
[DEBUG] from JAR /Users/priebe/Library/Application Support/Titanium/mobilesdk/osx/2.1.3.GA/android/modules/titanium-ui.jar => ti/modules/titanium/ui/widget/webview/binding.min.js
[DEBUG] from JAR /Users/priebe/Library/Application Support/Titanium/mobilesdk/osx/2.1.3.GA/android/modules/titanium-ui.jar => ti/modules/titanium/ui/widget/webview/json2.js
[DEBUG] from JAR /Users/priebe/Library/Application Support/Titanium/mobilesdk/osx/2.1.3.GA/android/modules/titanium-ui.jar => ti/modules/titanium/ui/widget/webview/polling.js
[DEBUG] from JAR /Users/priebe/Library/Application Support/Titanium/mobilesdk/osx/2.1.3.GA/android/modules/titanium-ui.jar => ti/modules/titanium/ui/widget/webview/polling.min.js
[DEBUG] from JAR /Users/priebe/Library/Application Support/Titanium/mobilesdk/osx/2.1.3.GA/android/thirdparty.jar => org/apache/Commons-NOTICE.txt
[DEBUG] from JAR /Users/priebe/Library/Application Support/Titanium/mobilesdk/osx/2.1.3.GA/android/thirdparty.jar => org/apache/HttpComponents-NOTICE.txt
[DEBUG] from JAR /Users/priebe/Library/Application Support/Titanium/mobilesdk/osx/2.1.3.GA/android/thirdparty.jar => org/apache/mime4j-NOTICE.txt
[DEBUG] from JAR /Users/priebe/Library/Application Support/Titanium/mobilesdk/osx/2.1.3.GA/android/modules/titanium-facebook.jar => ti/modules/titanium/facebook/LICENSE
[DEBUG] installing native SDK libs
[DEBUG] Waiting for device to be ready ...
[TRACE] adb devices returned 1 devices/emulators
[TRACE] adb devices returned 1 devices/emulators
[TRACE] adb devices returned 1 devices/emulators
[TRACE] adb devices returned 1 devices/emulators
[TRACE] adb devices returned 1 devices/emulators
[TRACE] adb devices returned 1 devices/emulators
[TRACE] adb devices returned 1 devices/emulators
[TRACE] adb devices returned 1 devices/emulators
[TRACE] adb devices returned 1 devices/emulators
[TRACE] adb devices returned 1 devices/emulators
[TRACE] adb devices returned 1 devices/emulators
[TRACE] adb devices returned 1 devices/emulators
[TRACE] adb devices returned 1 devices/emulators
[TRACE] adb devices returned 1 devices/emulators
[TRACE] adb devices returned 1 devices/emulators
[TRACE] adb devices returned 1 devices/emulators
